2024-02-11 16:07:50,758 ledfx.effects.audio            INFO     Deactivating AudioReactiveEffect.
2024-02-11 16:07:50,768 ledfx.effects.audio            INFO     Deactivating AudioReactiveEffect.
2024-02-11 16:07:50,771 ledfx.effects.audio            INFO     Deactivating AudioReactiveEffect.
2024-02-11 16:07:50,772 ledfx.effects                  INFO     Effect Magnitude deactivated.
2024-02-11 16:07:50,772 ledfx.effects                  INFO     Effect Magnitude deactivated.
2024-02-11 16:07:50,772 ledfx.effects                  INFO     Effect Energy 2 deactivated.
2024-02-11 16:07:50,777 ledfx.effects.audio            INFO     Deactivating AudioReactiveEffect.
2024-02-11 16:07:50,778 ledfx.effects                  INFO     Effect Blade Power+ deactivated.
2024-02-11 16:07:50,815 ledfx.effects.audio            INFO     Deactivating AudioReactiveEffect.
2024-02-11 16:07:50,815 ledfx.effects                  INFO     Effect BPM Strobe deactivated.
2024-02-11 16:08:13,616 ledfx.effects.audio            INFO     Deactivating AudioReactiveEffect.
2024-02-11 16:08:13,616 ledfx.effects                  INFO     Effect BPM Strobe deactivated.
2024-02-11 16:08:13,616 ledfx.effects.audio            INFO     Activating AudioReactiveEffect.
2024-02-11 16:08:13,617 ledfx.effects                  INFO     Effect BPM Strobe activated.
2024-02-11 16:08:13,619 ledfx.effects.audio            INFO     Deactivating AudioReactiveEffect.
2024-02-11 16:08:13,619 ledfx.effects                  INFO     Effect BPM Strobe deactivated.
2024-02-11 16:08:13,620 ledfx.effects.audio            INFO     Activating AudioReactiveEffect.
2024-02-11 16:08:13,620 ledfx.effects                  INFO     Effect BPM Strobe activated.
2024-02-11 16:08:13,622 ledfx.effects.audio            INFO     Deactivating AudioReactiveEffect.
2024-02-11 16:08:13,622 ledfx.effects                  INFO     Effect BPM Strobe deactivated.
2024-02-11 16:08:13,622 ledfx.effects.audio            INFO     Activating AudioReactiveEffect.
2024-02-11 16:08:13,622 ledfx.effects                  INFO     Effect BPM Strobe activated.
2024-02-11 16:08:13,624 ledfx.config                   INFO     Saving configuration file to /home/ledfx/.ledfx
2024-02-11 16:08:14,005 ledfx.effects.audio            INFO     Deactivating AudioReactiveEffect.
2024-02-11 16:08:14,005 ledfx.effects                  INFO     Effect BPM Strobe deactivated.
2024-02-11 16:08:14,008 ledfx.effects.audio            INFO     Deactivating AudioReactiveEffect.
2024-02-11 16:08:14,008 ledfx.effects                  INFO     Effect BPM Strobe deactivated.
2024-02-11 16:08:14,010 ledfx.effects.audio            INFO     Deactivating AudioReactiveEffect.
2024-02-11 16:08:14,010 ledfx.effects                  INFO     Effect BPM Strobe deactivated.
2024-02-11 16:08:24,209 ledfx.config                   INFO     Saving configuration file to /home/ledfx/.ledfx
2024-02-11 16:08:25,000 ledfx.config                   INFO     Saving configuration file to /home/ledfx/.ledfx
2024-02-11 16:08:27,195 ledfx.config                   INFO     Saving configuration file to /home/ledfx/.ledfx
2024-02-11 16:08:38,142 ledfx.effects                  INFO     Effect Single Color deactivated.
2024-02-11 16:08:38,144 ledfx.effects                  INFO     Effect Single Color activated.
2024-02-11 16:08:38,218 ledfx.effects.audio            INFO     Activating AudioReactiveEffect.
2024-02-11 16:08:38,218 ledfx.effects                  INFO     Effect Magnitude activated.
2024-02-11 16:08:38,219 ledfx.devices                  WARNING  Flush skipped as wled has no priority_virtual
2024-02-11 16:08:38,235 ledfx.effects.audio            INFO     Activating AudioReactiveEffect.
2024-02-11 16:08:38,235 ledfx.effects                  INFO     Effect BPM Strobe activated.
2024-02-11 16:08:38,236 ledfx.effects.audio            INFO     Deactivating AudioReactiveEffect.
2024-02-11 16:08:38,236 ledfx.effects                  INFO     Effect Blade Power+ deactivated.
2024-02-11 16:08:38,236 ledfx.effects.audio            INFO     Activating AudioReactiveEffect.
2024-02-11 16:08:38,237 ledfx.effects                  INFO     Effect Blade Power+ activated.
2024-02-11 16:08:38,238 ledfx.effects.audio            INFO     Activating AudioReactiveEffect.
2024-02-11 16:08:38,239 ledfx.effects                  INFO     Effect BPM Strobe activated.
2024-02-11 16:08:38,240 ledfx.effects.audio            INFO     Activating AudioReactiveEffect.
2024-02-11 16:08:38,241 ledfx.effects                  INFO     Effect BPM Strobe activated.
2024-02-11 16:08:38,242 ledfx.effects.audio            INFO     Activating AudioReactiveEffect.
2024-02-11 16:08:38,244 ledfx.effects                  INFO     Effect Magnitude activated.
2024-02-11 16:08:38,246 ledfx.effects.audio            INFO     Activating AudioReactiveEffect.
2024-02-11 16:08:38,246 ledfx.effects                  INFO     Effect Energy 2 activated.
2024-02-11 16:08:38,248 ledfx.effects.audio            INFO     Activating AudioReactiveEffect.
2024-02-11 16:08:38,249 ledfx.effects                  INFO     Effect Blade Power+ activated.
2024-02-11 16:08:38,257 ledfx.effects.audio            INFO     Deactivating AudioReactiveEffect.
2024-02-11 16:08:38,258 ledfx.effects                  INFO     Effect PlasmaWled2d deactivated.
2024-02-11 16:08:38,258 ledfx.effects.audio            INFO     Activating AudioReactiveEffect.
2024-02-11 16:08:38,258 ledfx.effects                  INFO     Effect PlasmaWled2d activated.
2024-02-11 16:08:38,291 ledfx.effects.audio            INFO     Activating AudioReactiveEffect.
2024-02-11 16:08:38,293 ledfx.effects                  INFO     Effect BPM Strobe activated.
2024-02-11 16:08:38,620 ledfx.effects.audio            INFO     Deactivating AudioReactiveEffect.
2024-02-11 16:08:38,620 ledfx.effects                  INFO     Effect Magnitude deactivated.
2024-02-11 16:08:38,631 ledfx.effects.audio            INFO     Deactivating AudioReactiveEffect.
2024-02-11 16:08:38,631 ledfx.effects                  INFO     Effect Magnitude deactivated.
2024-02-11 16:08:38,633 ledfx.effects.audio            INFO     Deactivating AudioReactiveEffect.
2024-02-11 16:08:38,634 ledfx.effects                  INFO     Effect Energy 2 deactivated.
2024-02-11 16:08:38,640 ledfx.effects.audio            INFO     Deactivating AudioReactiveEffect.
2024-02-11 16:08:38,640 ledfx.effects                  INFO     Effect Blade Power+ deactivated.
2024-02-11 16:08:38,693 ledfx.effects.audio            INFO     Deactivating AudioReactiveEffect.
2024-02-11 16:08:38,693 ledfx.effects                  INFO     Effect BPM Strobe deactivated.
2024-02-11 16:08:51,705 ledfx.config                   INFO     Saving configuration file to /home/ledfx/.ledfx
2024-02-11 16:08:52,761 ledfx.effects.audio            INFO     Activating AudioReactiveEffect.
2024-02-11 16:08:52,762 ledfx.effects                  INFO     Effect Magnitude activated.
2024-02-11 16:08:52,763 ledfx.effects.audio            INFO     Deactivating AudioReactiveEffect.
2024-02-11 16:08:52,763 ledfx.effects                  INFO     Effect BPM Strobe deactivated.
2024-02-11 16:08:52,763 ledfx.effects.audio            INFO     Activating AudioReactiveEffect.
2024-02-11 16:08:52,764 ledfx.effects                  INFO     Effect BPM Strobe activated.
2024-02-11 16:08:52,765 ledfx.effects.audio            INFO     Deactivating AudioReactiveEffect.
2024-02-11 16:08:52,765 ledfx.effects                  INFO     Effect BPM Strobe deactivated.
2024-02-11 16:08:52,765 ledfx.effects.audio            INFO     Activating AudioReactiveEffect.
2024-02-11 16:08:52,765 ledfx.effects                  INFO     Effect BPM Strobe activated.
2024-02-11 16:08:52,767 ledfx.effects.audio            INFO     Deactivating AudioReactiveEffect.
2024-02-11 16:08:52,767 ledfx.effects                  INFO     Effect BPM Strobe deactivated.
2024-02-11 16:08:52,767 ledfx.effects.audio            INFO     Activating AudioReactiveEffect.
2024-02-11 16:08:52,768 ledfx.effects                  INFO     Effect BPM Strobe activated.
2024-02-11 16:08:52,769 ledfx.effects.audio            INFO     Activating AudioReactiveEffect.
2024-02-11 16:08:52,769 ledfx.effects                  INFO     Effect Magnitude activated.
2024-02-11 16:08:52,769 ledfx.effects.audio            INFO     Activating AudioReactiveEffect.
2024-02-11 16:08:52,769 ledfx.effects                  INFO     Effect Energy 2 activated.
2024-02-11 16:08:52,770 ledfx.effects.audio            INFO     Activating AudioReactiveEffect.
2024-02-11 16:08:52,770 ledfx.effects                  INFO     Effect Blade Power+ activated.
2024-02-11 16:08:52,771 ledfx.effects.audio            INFO     Activating AudioReactiveEffect.
2024-02-11 16:08:52,771 ledfx.effects                  INFO     Effect BPM Strobe activated.
2024-02-11 16:08:53,151 ledfx.effects.audio            INFO     Deactivating AudioReactiveEffect.
2024-02-11 16:08:53,151 ledfx.effects                  INFO     Effect BPM Strobe deactivated.
2024-02-11 16:08:53,151 ledfx.effects.audio            INFO     Deactivating AudioReactiveEffect.
2024-02-11 16:08:53,151 ledfx.effects                  INFO     Effect Magnitude deactivated.
2024-02-11 16:08:53,152 ledfx.effects.audio            INFO     Deactivating AudioReactiveEffect.
2024-02-11 16:08:53,152 ledfx.effects                  INFO     Effect BPM Strobe deactivated.
2024-02-11 16:08:53,154 ledfx.effects.audio            INFO     Deactivating AudioReactiveEffect.
2024-02-11 16:08:53,154 ledfx.effects                  INFO     Effect BPM Strobe deactivated.
2024-02-11 16:08:53,163 ledfx.effects.audio            INFO     Deactivating AudioReactiveEffect.
2024-02-11 16:08:53,164 ledfx.effects                  INFO     Effect Magnitude deactivated.
2024-02-11 16:08:53,164 ledfx.effects.audio            INFO     Deactivating AudioReactiveEffect.
2024-02-11 16:08:53,165 ledfx.effects                  INFO     Effect BPM Strobe deactivated.
2024-02-11 16:08:53,165 ledfx.effects.audio            INFO     Deactivating AudioReactiveEffect.
2024-02-11 16:08:53,165 ledfx.effects                  INFO     Effect Energy 2 deactivated.
2024-02-11 16:08:53,169 ledfx.effects.audio            INFO     Deactivating AudioReactiveEffect.
2024-02-11 16:08:53,170 ledfx.effects                  INFO     Effect Blade Power+ deactivated.
2024-02-11 16:09:26,269 ledfx.config                   INFO     Saving configuration file to /home/ledfx/.ledfx
2024-02-11 16:09:27,758 ledfx.config                   INFO     Saving configuration file to /home/ledfx/.ledfx
2024-02-11 16:09:40,849 ledfx.config                   INFO     Saving configuration file to /home/ledfx/.ledfx
2024-02-11 16:09:41,567 ledfx.config                   INFO     Saving configuration file to /home/ledfx/.ledfx
2024-02-11 16:11:32,605 ledfx.config                   INFO     Saving configuration file to /home/ledfx/.ledfx
2024-02-11 16:11:35,067 ledfx.config                   INFO     Saving configuration file to /home/ledfx/.ledfx
2024-02-11 16:11:42,401 ledfx.config                   INFO     Saving configuration file to /home/ledfx/.ledfx
2024-02-11 16:11:50,013 ledfx.config                   INFO     Saving configuration file to /home/ledfx/.ledfx
2024-02-11 16:11:51,666 ledfx.config                   INFO     Saving configuration file to /home/ledfx/.ledfx
2024-02-11 16:11:53,836 ledfx.config                   INFO     Saving configuration file to /home/ledfx/.ledfx
2024-02-11 16:11:55,679 ledfx.config                   INFO     Saving configuration file to /home/ledfx/.ledfx
2024-02-11 16:12:01,951 ledfx.config                   INFO     Saving configuration file to /home/ledfx/.ledfx
2024-02-11 16:12:06,324 ledfx.config                   INFO     Saving configuration file to /home/ledfx/.ledfx
2024-02-11 16:12:31,471 ledfx.config                   INFO     Saving configuration file to /home/ledfx/.ledfx
2024-02-11 16:12:36,812 ledfx.config                   INFO     Saving configuration file to /home/ledfx/.ledfx
2024-02-11 16:12:38,489 ledfx.config                   INFO     Saving configuration file to /home/ledfx/.ledfx
2024-02-11 16:12:42,290 ledfx.config                   INFO     Saving configuration file to /home/ledfx/.ledfx
2024-02-11 16:12:43,440 ledfx.config                   INFO     Saving configuration file to /home/ledfx/.ledfx
2024-02-11 16:12:45,188 ledfx.config                   INFO     Saving configuration file to /home/ledfx/.ledfx
2024-02-11 16:12:51,845 ledfx.config                   INFO     Saving configuration file to /home/ledfx/.ledfx
2024-02-11 16:12:53,159 ledfx.config                   INFO     Saving configuration file to /home/ledfx/.ledfx
2024-02-11 16:12:56,123 ledfx.config                   INFO     Saving configuration file to /home/ledfx/.ledfx
2024-02-11 16:12:57,427 ledfx.config                   INFO     Saving configuration file to /home/ledfx/.ledfx
2024-02-11 16:12:59,524 ledfx.config                   INFO     Saving configuration file to /home/ledfx/.ledfx
2024-02-11 16:13:00,706 ledfx.config                   INFO     Saving configuration file to /home/ledfx/.ledfx
2024-02-11 16:13:01,514 ledfx.config                   INFO     Saving configuration file to /home/ledfx/.ledfx
2024-02-11 16:13:05,216 ledfx.config                   INFO     Saving configuration file to /home/ledfx/.ledfx
2024-02-11 16:13:07,778 ledfx.config                   INFO     Saving configuration file to /home/ledfx/.ledfx
2024-02-11 16:13:08,655 ledfx.config                   INFO     Saving configuration file to /home/ledfx/.ledfx
2024-02-11 16:13:09,728 ledfx.config                   INFO     Saving configuration file to /home/ledfx/.ledfx
2024-02-11 16:13:14,595 ledfx.config                   INFO     Saving configuration file to /home/ledfx/.ledfx
2024-02-11 16:13:15,916 ledfx.config                   INFO     Saving configuration file to /home/ledfx/.ledfx
2024-02-11 16:13:19,298 ledfx.config                   INFO     Saving configuration file to /home/ledfx/.ledfx
2024-02-11 16:13:19,995 ledfx.config                   INFO     Saving configuration file to /home/ledfx/.ledfx
2024-02-11 16:13:20,856 ledfx.config                   INFO     Saving configuration file to /home/ledfx/.ledfx
2024-02-11 16:13:22,018 ledfx.config                   INFO     Saving configuration file to /home/ledfx/.ledfx
2024-02-11 16:13:23,628 ledfx.config                   INFO     Saving configuration file to /home/ledfx/.ledfx
2024-02-11 16:13:29,502 ledfx.config                   INFO     Saving configuration file to /home/ledfx/.ledfx
2024-02-11 16:13:34,524 ledfx.config                   INFO     Saving configuration file to /home/ledfx/.ledfx
2024-02-11 16:13:39,709 ledfx.config                   INFO     Saving configuration file to /home/ledfx/.ledfx
2024-02-11 16:13:58,357 ledfx.config                   INFO     Saving configuration file to /home/ledfx/.ledfx
2024-02-11 16:14:07,379 ledfx.config                   INFO     Saving configuration file to /home/ledfx/.ledfx
2024-02-11 16:14:07,504 ledfx.effects                  INFO     Effect Single Color deactivated.
2024-02-11 16:14:07,504 ledfx.effects                  INFO     Effect Single Color activated.
2024-02-11 16:14:07,582 ledfx.effects.audio            INFO     Activating AudioReactiveEffect.
2024-02-11 16:14:07,582 ledfx.effects                  INFO     Effect Magnitude activated.
2024-02-11 16:14:07,583 ledfx.devices                  WARNING  Flush skipped as wled has no priority_virtual
2024-02-11 16:14:07,599 ledfx.effects.audio            INFO     Activating AudioReactiveEffect.
2024-02-11 16:14:07,599 ledfx.effects                  INFO     Effect BPM Strobe activated.
2024-02-11 16:14:07,600 ledfx.effects.audio            INFO     Deactivating AudioReactiveEffect.
2024-02-11 16:14:07,600 ledfx.effects                  INFO     Effect Blade Power+ deactivated.
2024-02-11 16:14:07,601 ledfx.effects.audio            INFO     Activating AudioReactiveEffect.
2024-02-11 16:14:07,601 ledfx.effects                  INFO     Effect Blade Power+ activated.
2024-02-11 16:14:07,603 ledfx.effects.audio            INFO     Activating AudioReactiveEffect.
2024-02-11 16:14:07,604 ledfx.effects                  INFO     Effect BPM Strobe activated.
2024-02-11 16:14:07,605 ledfx.effects.audio            INFO     Activating AudioReactiveEffect.
2024-02-11 16:14:07,605 ledfx.effects                  INFO     Effect BPM Strobe activated.
2024-02-11 16:14:07,606 ledfx.effects.audio            INFO     Activating AudioReactiveEffect.
2024-02-11 16:14:07,606 ledfx.effects                  INFO     Effect Magnitude activated.
2024-02-11 16:14:07,608 ledfx.effects.audio            INFO     Activating AudioReactiveEffect.
2024-02-11 16:14:07,608 ledfx.effects                  INFO     Effect Energy 2 activated.
2024-02-11 16:14:07,610 ledfx.effects.audio            INFO     Activating AudioReactiveEffect.
2024-02-11 16:14:07,611 ledfx.effects                  INFO     Effect Blade Power+ activated.
2024-02-11 16:14:07,620 ledfx.effects.audio            INFO     Deactivating AudioReactiveEffect.
2024-02-11 16:14:07,620 ledfx.effects                  INFO     Effect PlasmaWled2d deactivated.
2024-02-11 16:14:07,620 ledfx.effects.audio            INFO     Activating AudioReactiveEffect.
2024-02-11 16:14:07,621 ledfx.effects                  INFO     Effect PlasmaWled2d activated.
2024-02-11 16:14:07,639 ledfx.effects.audio            INFO     Activating AudioReactiveEffect.
2024-02-11 16:14:07,639 ledfx.effects                  INFO     Effect BPM Strobe activated.
2024-02-11 16:14:07,984 ledfx.effects.audio            INFO     Deactivating AudioReactiveEffect.
2024-02-11 16:14:07,984 ledfx.effects                  INFO     Effect Magnitude deactivated.
2024-02-11 16:14:07,994 ledfx.effects.audio            INFO     Deactivating AudioReactiveEffect.
2024-02-11 16:14:07,994 ledfx.effects                  INFO     Effect Magnitude deactivated.
2024-02-11 16:14:07,995 ledfx.effects.audio            INFO     Deactivating AudioReactiveEffect.
2024-02-11 16:14:07,996 ledfx.effects                  INFO     Effect Energy 2 deactivated.
2024-02-11 16:14:08,004 ledfx.effects.audio            INFO     Deactivating AudioReactiveEffect.
2024-02-11 16:14:08,005 ledfx.effects                  INFO     Effect Blade Power+ deactivated.
2024-02-11 16:14:08,041 ledfx.effects.audio            INFO     Deactivating AudioReactiveEffect.
2024-02-11 16:14:08,041 ledfx.effects                  INFO     Effect BPM Strobe deactivated.
2024-02-11 16:14:24,557 ledfx.config                   INFO     Saving configuration file to /home/ledfx/.ledfx
2024-02-11 16:14:25,740 ledfx.effects.audio            INFO     Activating AudioReactiveEffect.
2024-02-11 16:14:25,740 ledfx.effects                  INFO     Effect Magnitude activated.
2024-02-11 16:14:25,741 ledfx.effects.audio            INFO     Deactivating AudioReactiveEffect.
2024-02-11 16:14:25,741 ledfx.effects                  INFO     Effect BPM Strobe deactivated.
2024-02-11 16:14:25,741 ledfx.effects.audio            INFO     Activating AudioReactiveEffect.
2024-02-11 16:14:25,741 ledfx.effects                  INFO     Effect BPM Strobe activated.
2024-02-11 16:14:25,742 ledfx.effects.audio            INFO     Deactivating AudioReactiveEffect.
2024-02-11 16:14:25,742 ledfx.effects                  INFO     Effect BPM Strobe deactivated.
2024-02-11 16:14:25,742 ledfx.effects.audio            INFO     Activating AudioReactiveEffect.
2024-02-11 16:14:25,742 ledfx.effects                  INFO     Effect BPM Strobe activated.
2024-02-11 16:14:25,744 ledfx.effects.audio            INFO     Deactivating AudioReactiveEffect.
2024-02-11 16:14:25,744 ledfx.effects                  INFO     Effect BPM Strobe deactivated.
2024-02-11 16:14:25,745 ledfx.effects.audio            INFO     Activating AudioReactiveEffect.
2024-02-11 16:14:25,745 ledfx.effects                  INFO     Effect BPM Strobe activated.
2024-02-11 16:14:25,746 ledfx.effects.audio            INFO     Activating AudioReactiveEffect.
2024-02-11 16:14:25,746 ledfx.effects                  INFO     Effect Magnitude activated.
2024-02-11 16:14:25,749 ledfx.effects.audio            INFO     Activating AudioReactiveEffect.
2024-02-11 16:14:25,749 ledfx.effects                  INFO     Effect Energy 2 activated.
2024-02-11 16:14:25,750 ledfx.effects.audio            INFO     Activating AudioReactiveEffect.
2024-02-11 16:14:25,750 ledfx.effects                  INFO     Effect Blade Power+ activated.
2024-02-11 16:14:25,751 ledfx.effects.audio            INFO     Activating AudioReactiveEffect.
2024-02-11 16:14:25,751 ledfx.effects                  INFO     Effect BPM Strobe activated.
2024-02-11 16:14:26,128 ledfx.effects.audio            INFO     Deactivating AudioReactiveEffect.
2024-02-11 16:14:26,128 ledfx.effects                  INFO     Effect BPM Strobe deactivated.
2024-02-11 16:14:26,129 ledfx.effects.audio            INFO     Deactivating AudioReactiveEffect.
2024-02-11 16:14:26,130 ledfx.effects                  INFO     Effect BPM Strobe deactivated.
2024-02-11 16:14:26,132 ledfx.effects.audio            INFO     Deactivating AudioReactiveEffect.
2024-02-11 16:14:26,132 ledfx.effects                  INFO     Effect BPM Strobe deactivated.
2024-02-11 16:14:26,139 ledfx.effects.audio            INFO     Deactivating AudioReactiveEffect.
2024-02-11 16:14:26,139 ledfx.effects                  INFO     Effect Magnitude deactivated.
2024-02-11 16:14:26,145 ledfx.effects.audio            INFO     Deactivating AudioReactiveEffect.
2024-02-11 16:14:26,145 ledfx.effects                  INFO     Effect Blade Power+ deactivated.
2024-02-11 16:14:26,145 ledfx.effects.audio            INFO     Deactivating AudioReactiveEffect.
2024-02-11 16:14:26,145 ledfx.effects                  INFO     Effect BPM Strobe deactivated.
2024-02-11 16:14:26,146 ledfx.effects.audio            INFO     Deactivating AudioReactiveEffect.
2024-02-11 16:14:26,146 ledfx.effects                  INFO     Effect Magnitude deactivated.
2024-02-11 16:14:26,148 ledfx.effects.audio            INFO     Deactivating AudioReactiveEffect.
2024-02-11 16:14:26,148 ledfx.effects                  INFO     Effect Energy 2 deactivated.
2024-02-11 16:14:38,291 ledfx.effects.audio            INFO     Activating AudioReactiveEffect.
2024-02-11 16:14:38,291 ledfx.effects                  INFO     Effect Scan and Flare activated.
2024-02-11 16:14:38,292 ledfx.config                   INFO     Saving configuration file to /home/ledfx/.ledfx
2024-02-11 16:14:38,704 ledfx.effects.audio            INFO     Deactivating AudioReactiveEffect.
2024-02-11 16:14:38,705 ledfx.effects                  INFO     Effect Energy 2 deactivated.
2024-02-11 16:14:47,350 ledfx.config                   INFO     Saving configuration file to /home/ledfx/.ledfx
2024-02-11 16:15:02,463 ledfx.config                   INFO     Saving configuration file to /home/ledfx/.ledfx
2024-02-11 16:15:14,854 ledfx.effects.audio            INFO     Activating AudioReactiveEffect.
2024-02-11 16:15:14,854 ledfx.effects                  INFO     Effect Scan and Flare activated.
2024-02-11 16:15:14,854 ledfx.config                   INFO     Saving configuration file to /home/ledfx/.ledfx
2024-02-11 16:15:15,241 ledfx.effects.audio            INFO     Deactivating AudioReactiveEffect.
2024-02-11 16:15:15,242 ledfx.effects                  INFO     Effect Magnitude deactivated.
2024-02-11 16:15:27,963 ledfx.config                   INFO     Saving configuration file to /home/ledfx/.ledfx
2024-02-11 16:15:33,320 ledfx.config                   INFO     Saving configuration file to /home/ledfx/.ledfx
2024-02-11 16:15:44,497 ledfx.config                   INFO     Saving configuration file to /home/ledfx/.ledfx
2024-02-11 16:15:51,427 ledfx.config                   INFO     Saving configuration file to /home/ledfx/.ledfx
2024-02-11 16:15:52,903 ledfx.config                   INFO     Saving configuration file to /home/ledfx/.ledfx
2024-02-11 16:15:56,774 ledfx.config                   INFO     Saving configuration file to /home/ledfx/.ledfx
2024-02-11 16:15:57,935 ledfx.config                   INFO     Saving configuration file to /home/ledfx/.ledfx
2024-02-11 16:16:15,487 ledfx.effects.audio            INFO     Activating AudioReactiveEffect.
2024-02-11 16:16:15,489 ledfx.effects                  INFO     Effect Scan and Flare activated.
2024-02-11 16:16:15,490 ledfx.config                   INFO     Saving configuration file to /home/ledfx/.ledfx
2024-02-11 16:16:15,876 ledfx.effects.audio            INFO     Deactivating AudioReactiveEffect.
2024-02-11 16:16:15,876 ledfx.effects                  INFO     Effect Scan and Flare deactivated.
2024-02-11 16:16:24,686 ledfx.config                   INFO     Saving configuration file to /home/ledfx/.ledfx
2024-02-11 16:16:24,900 ledfx.config                   INFO     Saving configuration file to /home/ledfx/.ledfx
2024-02-11 16:16:41,072 ledfx.config                   INFO     Saving configuration file to /home/ledfx/.ledfx
2024-02-11 16:16:52,813 ledfx.config                   INFO     Saving configuration file to /home/ledfx/.ledfx
2024-02-11 16:16:57,416 ledfx.config                   INFO     Saving configuration file to /home/ledfx/.ledfx
2024-02-11 16:17:01,911 ledfx.config                   INFO     Saving configuration file to /home/ledfx/.ledfx
2024-02-11 16:17:03,123 ledfx.config                   INFO     Saving configuration file to /home/ledfx/.ledfx
2024-02-11 16:17:04,048 ledfx.config                   INFO     Saving configuration file to /home/ledfx/.ledfx
2024-02-11 16:17:05,076 ledfx.config                   INFO     Saving configuration file to /home/ledfx/.ledfx
2024-02-11 16:17:09,785 ledfx.config                   INFO     Saving configuration file to /home/ledfx/.ledfx
2024-02-11 16:17:10,590 ledfx.config                   INFO     Saving configuration file to /home/ledfx/.ledfx
2024-02-11 16:17:11,423 ledfx.config                   INFO     Saving configuration file to /home/ledfx/.ledfx
2024-02-11 16:17:12,341 ledfx.config                   INFO     Saving configuration file to /home/ledfx/.ledfx
2024-02-11 16:17:13,731 ledfx.config                   INFO     Saving configuration file to /home/ledfx/.ledfx
2024-02-11 16:17:15,967 ledfx.config                   INFO     Saving configuration file to /home/ledfx/.ledfx
2024-02-11 16:17:16,897 ledfx.config                   INFO     Saving configuration file to /home/ledfx/.ledfx
2024-02-11 16:17:18,552 ledfx.config                   INFO     Saving configuration file to /home/ledfx/.ledfx
2024-02-11 16:17:21,927 ledfx.config                   INFO     Saving configuration file to /home/ledfx/.ledfx
2024-02-11 16:17:23,652 ledfx.config                   INFO     Saving configuration file to /home/ledfx/.ledfx
2024-02-11 16:17:26,627 ledfx.config                   INFO     Saving configuration file to /home/ledfx/.ledfx
2024-02-11 16:17:27,703 ledfx.config                   INFO     Saving configuration file to /home/ledfx/.ledfx
2024-02-11 16:17:52,672 ledfx.effects.audio            INFO     Deactivating AudioReactiveEffect.
2024-02-11 16:17:52,673 ledfx.effects                  INFO     Effect PlasmaWled2d deactivated.
2024-02-11 16:17:52,673 ledfx.effects.audio            INFO     Activating AudioReactiveEffect.
2024-02-11 16:17:52,673 ledfx.effects                  INFO     Effect Scan activated.
2024-02-11 16:17:52,698 ledfx.config                   INFO     Saving configuration file to /home/ledfx/.ledfx
2024-02-11 16:17:53,117 ledfx.effects.audio            INFO     Deactivating AudioReactiveEffect.
2024-02-11 16:17:53,117 ledfx.effects                  INFO     Effect PlasmaWled2d deactivated.
2024-02-11 16:18:03,006 ledfx.config                   INFO     Saving configuration file to /home/ledfx/.ledfx
2024-02-11 16:18:08,639 ledfx.config                   INFO     Saving configuration file to /home/ledfx/.ledfx
2024-02-11 16:18:09,671 ledfx.config                   INFO     Saving configuration file to /home/ledfx/.ledfx
2024-02-11 16:18:12,392 ledfx.config                   INFO     Saving configuration file to /home/ledfx/.ledfx
2024-02-11 16:18:16,209 ledfx.effects.audio            INFO     Activating AudioReactiveEffect.
2024-02-11 16:18:16,209 ledfx.effects                  INFO     Effect Scan activated.
2024-02-11 16:18:16,209 ledfx.config                   INFO     Saving configuration file to /home/ledfx/.ledfx
2024-02-11 16:18:16,603 ledfx.effects.audio            INFO     Deactivating AudioReactiveEffect.
2024-02-11 16:18:16,604 ledfx.effects                  INFO     Effect Scan deactivated.
2024-02-11 16:18:33,555 ledfx.config                   INFO     Saving configuration file to /home/ledfx/.ledfx
2024-02-11 16:18:58,213 ledfx.effects.audio            INFO     Activating AudioReactiveEffect.
2024-02-11 16:18:58,213 ledfx.effects                  INFO     Effect Scan and Flare activated.
2024-02-11 16:18:58,214 ledfx.config                   INFO     Saving configuration file to /home/ledfx/.ledfx
2024-02-11 16:18:58,635 ledfx.effects.audio            INFO     Deactivating AudioReactiveEffect.
2024-02-11 16:18:58,635 ledfx.effects                  INFO     Effect Scan deactivated.
2024-02-11 16:19:12,433 ledfx.effects.audio            INFO     Activating AudioReactiveEffect.
2024-02-11 16:19:12,434 ledfx.effects                  INFO     Effect Scan and Flare activated.
2024-02-11 16:19:12,435 ledfx.config                   INFO     Saving configuration file to /home/ledfx/.ledfx
2024-02-11 16:19:12,821 ledfx.effects.audio            INFO     Deactivating AudioReactiveEffect.
2024-02-11 16:19:12,822 ledfx.effects                  INFO     Effect Scan and Flare deactivated.
2024-02-11 16:19:49,977 ledfx.effects.audio            INFO     Activating AudioReactiveEffect.
2024-02-11 16:19:49,977 ledfx.effects                  INFO     Effect Glitch activated.
2024-02-11 16:19:49,977 ledfx.config                   INFO     Saving configuration file to /home/ledfx/.ledfx
2024-02-11 16:19:50,408 ledfx.effects.audio            INFO     Deactivating AudioReactiveEffect.
2024-02-11 16:19:50,408 ledfx.effects                  INFO     Effect Blade Power+ deactivated.
2024-02-11 16:19:54,383 ledfx.effects.audio            INFO     Activating AudioReactiveEffect.
2024-02-11 16:19:54,383 ledfx.effects                  INFO     Effect Marching activated.
2024-02-11 16:19:54,386 ledfx.config                   INFO     Saving configuration file to /home/ledfx/.ledfx
2024-02-11 16:19:54,867 ledfx.effects.audio            INFO     Deactivating AudioReactiveEffect.
2024-02-11 16:19:54,868 ledfx.effects                  INFO     Effect Glitch deactivated.
2024-02-11 16:19:59,535 ledfx.effects.audio            INFO     Activating AudioReactiveEffect.
2024-02-11 16:19:59,535 ledfx.effects                  INFO     Effect Melt and Sparkle activated.
2024-02-11 16:19:59,535 ledfx.config                   INFO     Saving configuration file to /home/ledfx/.ledfx
2024-02-11 16:19:59,991 ledfx.effects.audio            INFO     Deactivating AudioReactiveEffect.
2024-02-11 16:19:59,991 ledfx.effects                  INFO     Effect Marching deactivated.
2024-02-11 16:20:03,376 ledfx.config                   INFO     Saving configuration file to /home/ledfx/.ledfx
2024-02-11 16:20:09,404 ledfx.config                   INFO     Saving configuration file to /home/ledfx/.ledfx
2024-02-11 16:20:28,032 ledfx.effects.audio            INFO     Activating AudioReactiveEffect.
2024-02-11 16:20:28,032 ledfx.effects                  INFO     Effect Marching activated.
2024-02-11 16:20:28,032 ledfx.config                   INFO     Saving configuration file to /home/ledfx/.ledfx
2024-02-11 16:20:28,468 ledfx.effects.audio            INFO     Deactivating AudioReactiveEffect.
2024-02-11 16:20:28,468 ledfx.effects                  INFO     Effect Melt and Sparkle deactivated.
2024-02-11 16:20:30,636 ledfx.effects.audio            INFO     Activating AudioReactiveEffect.
2024-02-11 16:20:30,636 ledfx.effects                  INFO     Effect Lava lamp activated.
2024-02-11 16:20:30,636 ledfx.config                   INFO     Saving configuration file to /home/ledfx/.ledfx
2024-02-11 16:20:31,089 ledfx.effects.audio            INFO     Deactivating AudioReactiveEffect.
2024-02-11 16:20:31,089 ledfx.effects                  INFO     Effect Marching deactivated.
2024-02-11 16:20:35,376 ledfx.config                   INFO     Saving configuration file to /home/ledfx/.ledfx
2024-02-11 16:20:40,120 ledfx.config                   INFO     Saving configuration file to /home/ledfx/.ledfx
2024-02-11 16:21:46,975 ledfx.config                   INFO     Saving configuration file to /home/ledfx/.ledfx
2024-02-11 16:21:47,078 ledfx.effects                  INFO     Effect Single Color deactivated.
2024-02-11 16:21:47,078 ledfx.effects                  INFO     Effect Single Color activated.
2024-02-11 16:21:47,120 ledfx.effects.audio            INFO     Activating AudioReactiveEffect.
2024-02-11 16:21:47,121 ledfx.effects                  INFO     Effect Magnitude activated.
2024-02-11 16:21:47,121 ledfx.devices                  WARNING  Flush skipped as wled has no priority_virtual
2024-02-11 16:21:47,137 ledfx.effects.audio            INFO     Activating AudioReactiveEffect.
2024-02-11 16:21:47,137 ledfx.effects                  INFO     Effect BPM Strobe activated.
2024-02-11 16:21:47,138 ledfx.effects.audio            INFO     Deactivating AudioReactiveEffect.
2024-02-11 16:21:47,138 ledfx.effects                  INFO     Effect Blade Power+ deactivated.
2024-02-11 16:21:47,139 ledfx.effects.audio            INFO     Activating AudioReactiveEffect.
2024-02-11 16:21:47,139 ledfx.effects                  INFO     Effect Blade Power+ activated.
2024-02-11 16:21:47,142 ledfx.effects.audio            INFO     Activating AudioReactiveEffect.
2024-02-11 16:21:47,142 ledfx.effects                  INFO     Effect BPM Strobe activated.
2024-02-11 16:21:47,143 ledfx.effects.audio            INFO     Activating AudioReactiveEffect.
2024-02-11 16:21:47,143 ledfx.effects                  INFO     Effect BPM Strobe activated.
2024-02-11 16:21:47,145 ledfx.effects.audio            INFO     Activating AudioReactiveEffect.
2024-02-11 16:21:47,146 ledfx.effects                  INFO     Effect Scan and Flare activated.
2024-02-11 16:21:47,148 ledfx.effects.audio            INFO     Activating AudioReactiveEffect.
2024-02-11 16:21:47,149 ledfx.effects                  INFO     Effect Scan and Flare activated.
2024-02-11 16:21:47,151 ledfx.effects.audio            INFO     Activating AudioReactiveEffect.
2024-02-11 16:21:47,152 ledfx.effects                  INFO     Effect Lava lamp activated.
2024-02-11 16:21:47,158 ledfx.effects.audio            INFO     Activating AudioReactiveEffect.
2024-02-11 16:21:47,159 ledfx.effects                  INFO     Effect Scan and Flare activated.
2024-02-11 16:21:47,177 ledfx.effects.audio            INFO     Activating AudioReactiveEffect.
2024-02-11 16:21:47,177 ledfx.effects                  INFO     Effect BPM Strobe activated.
2024-02-11 16:21:47,522 ledfx.effects.audio            INFO     Deactivating AudioReactiveEffect.
2024-02-11 16:21:47,523 ledfx.effects                  INFO     Effect Magnitude deactivated.
2024-02-11 16:21:47,532 ledfx.effects.audio            INFO     Deactivating AudioReactiveEffect.
2024-02-11 16:21:47,533 ledfx.effects                  INFO     Effect Scan and Flare deactivated.
2024-02-11 16:21:47,536 ledfx.effects.audio            INFO     Deactivating AudioReactiveEffect.
2024-02-11 16:21:47,537 ledfx.effects                  INFO     Effect Scan and Flare deactivated.
2024-02-11 16:21:47,544 ledfx.effects.audio            INFO     Deactivating AudioReactiveEffect.
2024-02-11 16:21:47,544 ledfx.effects                  INFO     Effect Lava lamp deactivated.
2024-02-11 16:21:47,579 ledfx.effects.audio            INFO     Deactivating AudioReactiveEffect.
2024-02-11 16:21:47,580 ledfx.effects                  INFO     Effect BPM Strobe deactivated.
2024-02-11 16:22:09,408 ledfx.config                   INFO     Saving configuration file to /home/ledfx/.ledfx
2024-02-11 16:22:10,934 ledfx.effects.audio            INFO     Activating AudioReactiveEffect.
2024-02-11 16:22:10,934 ledfx.effects                  INFO     Effect Magnitude activated.
2024-02-11 16:22:10,935 ledfx.effects.audio            INFO     Activating AudioReactiveEffect.
2024-02-11 16:22:10,936 ledfx.effects                  INFO     Effect Scan and Flare activated.
2024-02-11 16:22:10,937 ledfx.effects.audio            INFO     Activating AudioReactiveEffect.
2024-02-11 16:22:10,938 ledfx.effects                  INFO     Effect Scan and Flare activated.
2024-02-11 16:22:10,938 ledfx.effects.audio            INFO     Activating AudioReactiveEffect.
2024-02-11 16:22:10,938 ledfx.effects                  INFO     Effect Lava lamp activated.
2024-02-11 16:22:10,939 ledfx.effects.audio            INFO     Deactivating AudioReactiveEffect.
2024-02-11 16:22:10,939 ledfx.effects                  INFO     Effect Scan and Flare deactivated.
2024-02-11 16:22:10,939 ledfx.effects.audio            INFO     Activating AudioReactiveEffect.
2024-02-11 16:22:10,939 ledfx.effects                  INFO     Effect Scan and Flare activated.
2024-02-11 16:22:11,321 ledfx.effects.audio            INFO     Deactivating AudioReactiveEffect.
2024-02-11 16:22:11,322 ledfx.effects                  INFO     Effect Magnitude deactivated.
2024-02-11 16:22:11,331 ledfx.effects.audio            INFO     Deactivating AudioReactiveEffect.
2024-02-11 16:22:11,332 ledfx.effects                  INFO     Effect Lava lamp deactivated.
2024-02-11 16:22:11,334 ledfx.effects.audio            INFO     Deactivating AudioReactiveEffect.
2024-02-11 16:22:11,334 ledfx.effects                  INFO     Effect Scan and Flare deactivated.
2024-02-11 16:22:11,335 ledfx.effects.audio            INFO     Deactivating AudioReactiveEffect.
2024-02-11 16:22:11,335 ledfx.effects                  INFO     Effect Scan and Flare deactivated.
2024-02-11 16:22:11,339 ledfx.effects.audio            INFO     Deactivating AudioReactiveEffect.
2024-02-11 16:22:11,339 ledfx.effects                  INFO     Effect Scan and Flare deactivated.
2024-02-11 16:22:16,197 ledfx.effects.audio            INFO     Activating AudioReactiveEffect.
2024-02-11 16:22:16,199 ledfx.effects                  INFO     Effect Magnitude activated.
2024-02-11 16:22:16,202 ledfx.effects.audio            INFO     Activating AudioReactiveEffect.
2024-02-11 16:22:16,202 ledfx.effects                  INFO     Effect Scan and Flare activated.
2024-02-11 16:22:16,204 ledfx.effects.audio            INFO     Activating AudioReactiveEffect.
2024-02-11 16:22:16,204 ledfx.effects                  INFO     Effect Scan and Flare activated.
2024-02-11 16:22:16,205 ledfx.effects.audio            INFO     Activating AudioReactiveEffect.
2024-02-11 16:22:16,205 ledfx.effects                  INFO     Effect Lava lamp activated.
2024-02-11 16:22:16,208 ledfx.effects.audio            INFO     Activating AudioReactiveEffect.
2024-02-11 16:22:16,208 ledfx.effects                  INFO     Effect Scan and Flare activated.
2024-02-11 16:22:16,584 ledfx.effects.audio            INFO     Deactivating AudioReactiveEffect.
2024-02-11 16:22:16,584 ledfx.effects                  INFO     Effect Magnitude deactivated.
2024-02-11 16:22:16,600 ledfx.effects.audio            INFO     Deactivating AudioReactiveEffect.
2024-02-11 16:22:16,600 ledfx.effects                  INFO     Effect Lava lamp deactivated.
2024-02-11 16:22:16,602 ledfx.effects.audio            INFO     Deactivating AudioReactiveEffect.
2024-02-11 16:22:16,602 ledfx.effects                  INFO     Effect Scan and Flare deactivated.
2024-02-11 16:22:16,603 ledfx.effects.audio            INFO     Deactivating AudioReactiveEffect.
2024-02-11 16:22:16,603 ledfx.effects                  INFO     Effect Scan and Flare deactivated.
2024-02-11 16:22:16,603 ledfx.effects.audio            INFO     Deactivating AudioReactiveEffect.
2024-02-11 16:22:16,604 ledfx.effects                  INFO     Effect Scan and Flare deactivated.
2024-02-11 16:22:41,942 ledfx.effects.audio            INFO     Activating AudioReactiveEffect.
2024-02-11 16:22:41,942 ledfx.effects                  INFO     Effect Magnitude activated.
2024-02-11 16:22:41,943 ledfx.effects.audio            INFO     Activating AudioReactiveEffect.
2024-02-11 16:22:41,943 ledfx.effects                  INFO     Effect Scan and Flare activated.
2024-02-11 16:22:41,944 ledfx.effects.audio            INFO     Activating AudioReactiveEffect.
2024-02-11 16:22:41,945 ledfx.effects                  INFO     Effect Scan and Flare activated.
2024-02-11 16:22:41,946 ledfx.effects.audio            INFO     Activating AudioReactiveEffect.
2024-02-11 16:22:41,947 ledfx.effects                  INFO     Effect Lava lamp activated.
2024-02-11 16:22:41,949 ledfx.effects.audio            INFO     Activating AudioReactiveEffect.
2024-02-11 16:22:41,949 ledfx.effects                  INFO     Effect Scan and Flare activated.
2024-02-11 16:22:42,330 ledfx.effects.audio            INFO     Deactivating AudioReactiveEffect.
2024-02-11 16:22:42,331 ledfx.effects                  INFO     Effect Scan and Flare deactivated.
2024-02-11 16:22:42,333 ledfx.effects.audio            INFO     Deactivating AudioReactiveEffect.
2024-02-11 16:22:42,333 ledfx.effects                  INFO     Effect Lava lamp deactivated.
2024-02-11 16:22:42,334 ledfx.effects.audio            INFO     Deactivating AudioReactiveEffect.
2024-02-11 16:22:42,334 ledfx.effects                  INFO     Effect Scan and Flare deactivated.
2024-02-11 16:22:42,335 ledfx.effects.audio            INFO     Deactivating AudioReactiveEffect.
2024-02-11 16:22:42,335 ledfx.effects                  INFO     Effect Magnitude deactivated.
2024-02-11 16:22:42,335 ledfx.effects.audio            INFO     Deactivating AudioReactiveEffect.
2024-02-11 16:22:42,336 ledfx.effects                  INFO     Effect Scan and Flare deactivated.
2024-02-11 16:24:41,910 ledfx.utils                    INFO     Optional dependency 'psutil' installed.
2024-02-11 16:24:41,910 ledfx.utils                    INFO     Optional dependency 'python-mbedtls' not installed.
2024-02-11 16:24:41,911 ledfx.__main__                 INFO     Unable to set priority, please run as root or sudo if you are experiencing frame rate issues
2024-02-11 16:24:41,934 ledfx.sentry_config            INFO     Sentry Configuration:
2024-02-11 16:24:41,934 ledfx.sentry_config            INFO     DSN (first ten): b192934eeb
2024-02-11 16:24:41,934 ledfx.sentry_config            INFO     Sample rate: 1
2024-02-11 16:24:41,934 ledfx.sentry_config            INFO     LedFx release: ledfx@2.0.91-
2024-02-11 16:24:41,947 ledfx.__main__                 INFO     LedFx Core is initializing
2024-02-11 16:24:41,950 ledfx.config                   INFO     LedFx Configuration Version: 2.3.0
2024-02-11 16:24:41,954 ledfx.core                     INFO     Using uvloop for asyncio loop
2024-02-11 16:24:42,027 ledfx.core                     INFO     Starting LedFx, listening on 0.0.0.0:8888
2024-02-11 16:24:42,075 ledfx.devices                  INFO     Loading device from config: {'config': {'center_offset': 0, 'create_segments': False, 'icon_name': 'wled', 'ip_address': '192.168.0.123', 'name': 'wled', 'pixel_count': 1925, 'refresh_rate': 62, 'rgbw_led': False, 'sync_mode': 'DDP', 'timeout': 1}, 'id': 'wled', 'type': 'wled'}
2024-02-11 16:24:42,076 ledfx.devices                  INFO     Device wled: Resolved destination to 192.168.0.123
2024-02-11 16:24:42,076 ledfx.utils                    INFO     WLED 192.168.0.123: Attempting to contact device...
2024-02-11 16:24:42,100 ledfx.utils                    INFO     WLED 192.168.0.123: Received config
2024-02-11 16:24:42,101 ledfx.devices.wled             INFO     WLED Build Supports Sync Setting API: 2310130
2024-02-11 16:24:42,258 ledfx.effects                  INFO     Effect Gradient activated.
2024-02-11 16:24:42,260 ledfx.effects.audio            INFO     Activating AudioReactiveEffect.
2024-02-11 16:24:42,260 ledfx.effects                  INFO     Effect Energy 2 activated.
2024-02-11 16:24:42,277 ledfx.effects.audio            INFO     Audio source opened: ALSA: default
2024-02-11 16:24:42,310 ledfx.effects.audio            INFO     Activating AudioReactiveEffect.
2024-02-11 16:24:42,310 ledfx.effects                  INFO     Effect BPM Strobe activated.
2024-02-11 16:24:42,312 ledfx.effects.audio            INFO     Activating AudioReactiveEffect.
2024-02-11 16:24:42,312 ledfx.effects                  INFO     Effect Power activated.
2024-02-11 16:24:42,313 ledfx.effects.audio            INFO     Activating AudioReactiveEffect.
2024-02-11 16:24:42,313 ledfx.effects                  INFO     Effect BPM Strobe activated.
2024-02-11 16:24:42,316 ledfx.effects.audio            INFO     Activating AudioReactiveEffect.
2024-02-11 16:24:42,316 ledfx.effects.audio            WARNING  Discarded malformed audio frame - 481 samples, expected 500
2024-02-11 16:24:42,317 ledfx.effects                  INFO     Effect BPM Strobe activated.
2024-02-11 16:24:42,319 ledfx.effects.audio            INFO     Activating AudioReactiveEffect.
2024-02-11 16:24:42,319 ledfx.effects                  INFO     Effect Scan and Flare activated.
2024-02-11 16:24:42,321 ledfx.effects.audio            INFO     Activating AudioReactiveEffect.
2024-02-11 16:24:42,322 ledfx.effects                  INFO     Effect Scan and Flare activated.
2024-02-11 16:24:42,324 ledfx.effects.audio            INFO     Activating AudioReactiveEffect.
2024-02-11 16:24:42,326 ledfx.effects                  INFO     Effect Lava lamp activated.
2024-02-11 16:24:42,330 ledfx.effects.audio            INFO     Activating AudioReactiveEffect.
2024-02-11 16:24:42,331 ledfx.effects                  INFO     Effect Scan and Flare activated.
2024-02-11 16:24:42,351 ledfx.effects.audio            INFO     Activating AudioReactiveEffect.
2024-02-11 16:24:42,352 ledfx.effects                  INFO     Effect Blade Power+ activated.
2024-02-11 16:24:46,762 ledfx.effects.audio            INFO     Activating AudioReactiveEffect.
2024-02-11 16:24:46,762 ledfx.effects                  INFO     Effect Magnitude activated.
2024-02-11 16:24:46,764 ledfx.effects.audio            INFO     Activating AudioReactiveEffect.
2024-02-11 16:24:46,765 ledfx.effects                  INFO     Effect Scan and Flare activated.
2024-02-11 16:24:46,767 ledfx.effects.audio            INFO     Activating AudioReactiveEffect.
2024-02-11 16:24:46,768 ledfx.effects                  INFO     Effect Scan and Flare activated.
2024-02-11 16:24:46,769 ledfx.effects.audio            INFO     Activating AudioReactiveEffect.
2024-02-11 16:24:46,769 ledfx.effects                  INFO     Effect Lava lamp activated.
2024-02-11 16:24:46,770 ledfx.effects.audio            INFO     Activating AudioReactiveEffect.
2024-02-11 16:24:46,770 ledfx.effects                  INFO     Effect Scan and Flare activated.
2024-02-11 16:24:47,150 ledfx.effects.audio            INFO     Deactivating AudioReactiveEffect.
2024-02-11 16:24:47,150 ledfx.effects                  INFO     Effect Scan and Flare deactivated.
2024-02-11 16:24:47,153 ledfx.effects.audio            INFO     Deactivating AudioReactiveEffect.
2024-02-11 16:24:47,153 ledfx.effects                  INFO     Effect Energy 2 deactivated.
2024-02-11 16:24:47,158 ledfx.effects.audio            INFO     Deactivating AudioReactiveEffect.
2024-02-11 16:24:47,158 ledfx.effects                  INFO     Effect Lava lamp deactivated.
2024-02-11 16:24:47,166 ledfx.effects.audio            INFO     Deactivating AudioReactiveEffect.
2024-02-11 16:24:47,166 ledfx.effects                  INFO     Effect Scan and Flare deactivated.
2024-02-11 16:24:47,167 ledfx.effects.audio            INFO     Deactivating AudioReactiveEffect.
2024-02-11 16:24:47,167 ledfx.effects                  INFO     Effect Scan and Flare deactivated.
2024-02-11 16:24:47,499 ledfx.effects.audio            INFO     Activating AudioReactiveEffect.
2024-02-11 16:24:47,500 ledfx.effects                  INFO     Effect Magnitude activated.
2024-02-11 16:24:47,501 ledfx.effects.audio            INFO     Activating AudioReactiveEffect.
2024-02-11 16:24:47,501 ledfx.effects                  INFO     Effect Scan and Flare activated.
2024-02-11 16:24:47,503 ledfx.effects.audio            INFO     Activating AudioReactiveEffect.
2024-02-11 16:24:47,503 ledfx.effects                  INFO     Effect Scan and Flare activated.
2024-02-11 16:24:47,503 ledfx.effects.audio            INFO     Activating AudioReactiveEffect.
2024-02-11 16:24:47,503 ledfx.effects                  INFO     Effect Lava lamp activated.
2024-02-11 16:24:47,506 ledfx.effects.audio            INFO     Activating AudioReactiveEffect.
2024-02-11 16:24:47,507 ledfx.effects                  INFO     Effect Scan and Flare activated.
2024-02-11 16:24:47,891 ledfx.effects.audio            INFO     Deactivating AudioReactiveEffect.
2024-02-11 16:24:47,891 ledfx.effects                  INFO     Effect Scan and Flare deactivated.
2024-02-11 16:24:47,892 ledfx.effects.audio            INFO     Deactivating AudioReactiveEffect.
2024-02-11 16:24:47,892 ledfx.effects                  INFO     Effect Scan and Flare deactivated.
2024-02-11 16:24:47,896 ledfx.effects.audio            INFO     Deactivating AudioReactiveEffect.
2024-02-11 16:24:47,896 ledfx.effects                  INFO     Effect Magnitude deactivated.
2024-02-11 16:24:47,899 ledfx.effects.audio            INFO     Deactivating AudioReactiveEffect.
2024-02-11 16:24:47,899 ledfx.effects                  INFO     Effect Lava lamp deactivated.
2024-02-11 16:24:47,906 ledfx.effects.audio            INFO     Deactivating AudioReactiveEffect.
2024-02-11 16:24:47,907 ledfx.effects                  INFO     Effect Scan and Flare deactivated.
2024-02-11 16:25:06,555 ledfx.effects.audio            INFO     Activating AudioReactiveEffect.
2024-02-11 16:25:06,555 ledfx.effects                  INFO     Effect Magnitude activated.
2024-02-11 16:25:06,556 ledfx.effects.audio            INFO     Activating AudioReactiveEffect.
2024-02-11 16:25:06,556 ledfx.effects                  INFO     Effect BPM Strobe activated.
2024-02-11 16:25:06,563 ledfx.effects.audio            INFO     Activating AudioReactiveEffect.
2024-02-11 16:25:06,564 ledfx.effects                  INFO     Effect BPM Strobe activated.
2024-02-11 16:25:06,578 ledfx.effects.audio            INFO     Activating AudioReactiveEffect.
2024-02-11 16:25:06,579 ledfx.effects                  INFO     Effect BPM Strobe activated.
2024-02-11 16:25:06,583 ledfx.effects.audio            INFO     Activating AudioReactiveEffect.
2024-02-11 16:25:06,583 ledfx.effects                  INFO     Effect Magnitude activated.
2024-02-11 16:25:06,584 ledfx.effects.audio            INFO     Activating AudioReactiveEffect.
2024-02-11 16:25:06,584 ledfx.effects                  INFO     Effect Energy 2 activated.
2024-02-11 16:25:06,585 ledfx.effects.audio            INFO     Activating AudioReactiveEffect.
2024-02-11 16:25:06,585 ledfx.effects                  INFO     Effect Blade Power+ activated.
2024-02-11 16:25:06,585 ledfx.effects.audio            INFO     Activating AudioReactiveEffect.
2024-02-11 16:25:06,585 ledfx.effects                  INFO     Effect BPM Strobe activated.
2024-02-11 16:25:06,949 ledfx.effects.audio            INFO     Deactivating AudioReactiveEffect.
2024-02-11 16:25:06,949 ledfx.effects                  INFO     Effect BPM Strobe deactivated.
2024-02-11 16:25:06,951 ledfx.effects.audio            INFO     Deactivating AudioReactiveEffect.
2024-02-11 16:25:06,951 ledfx.effects                  INFO     Effect Magnitude deactivated.
2024-02-11 16:25:06,964 ledfx.effects.audio            INFO     Deactivating AudioReactiveEffect.
2024-02-11 16:25:06,964 ledfx.effects                  INFO     Effect BPM Strobe deactivated.
2024-02-11 16:25:06,966 ledfx.effects.audio            INFO     Deactivating AudioReactiveEffect.
2024-02-11 16:25:06,966 ledfx.effects                  INFO     Effect BPM Strobe deactivated.
2024-02-11 16:25:06,973 ledfx.effects.audio            INFO     Deactivating AudioReactiveEffect.
2024-02-11 16:25:06,973 ledfx.effects                  INFO     Effect Blade Power+ deactivated.
2024-02-11 16:25:06,981 ledfx.effects.audio            INFO     Deactivating AudioReactiveEffect.
2024-02-11 16:25:06,982 ledfx.effects                  INFO     Effect Scan and Flare deactivated.
2024-02-11 16:25:06,984 ledfx.effects.audio            INFO     Deactivating AudioReactiveEffect.
2024-02-11 16:25:06,984 ledfx.effects                  INFO     Effect Scan and Flare deactivated.
2024-02-11 16:25:06,984 ledfx.effects.audio            INFO     Deactivating AudioReactiveEffect.
2024-02-11 16:25:06,984 ledfx.effects                  INFO     Effect Lava lamp deactivated.
2024-02-11 16:25:28,368 ledfx.effects                  INFO     Effect Single Color activated.
2024-02-11 16:25:28,446 ledfx.effects.audio            INFO     Activating AudioReactiveEffect.
2024-02-11 16:25:28,446 ledfx.effects                  INFO     Effect Magnitude activated.
2024-02-11 16:25:28,446 ledfx.devices                  WARNING  Flush skipped as wled has no priority_virtual
2024-02-11 16:25:28,462 ledfx.effects.audio            INFO     Activating AudioReactiveEffect.
2024-02-11 16:25:28,462 ledfx.effects                  INFO     Effect Blade Power+ activated.
2024-02-11 16:25:28,464 ledfx.effects.audio            INFO     Activating AudioReactiveEffect.
2024-02-11 16:25:28,464 ledfx.effects                  INFO     Effect Blade Power+ activated.
2024-02-11 16:25:28,465 ledfx.effects.audio            INFO     Activating AudioReactiveEffect.
2024-02-11 16:25:28,466 ledfx.effects                  INFO     Effect Blade Power+ activated.
2024-02-11 16:25:28,467 ledfx.effects.audio            INFO     Activating AudioReactiveEffect.
2024-02-11 16:25:28,468 ledfx.effects                  INFO     Effect Magnitude activated.
2024-02-11 16:25:28,469 ledfx.effects.audio            INFO     Activating AudioReactiveEffect.
2024-02-11 16:25:28,469 ledfx.effects                  INFO     Effect Scan and Flare activated.
2024-02-11 16:25:28,471 ledfx.effects.audio            INFO     Activating AudioReactiveEffect.
2024-02-11 16:25:28,472 ledfx.effects                  INFO     Effect Magnitude activated.
2024-02-11 16:25:28,473 ledfx.effects.audio            INFO     Activating AudioReactiveEffect.
2024-02-11 16:25:28,473 ledfx.effects                  INFO     Effect Blade Power+ activated.
2024-02-11 16:25:28,847 ledfx.effects.audio            INFO     Deactivating AudioReactiveEffect.
2024-02-11 16:25:28,848 ledfx.effects                  INFO     Effect Magnitude deactivated.
2024-02-11 16:25:28,849 ledfx.effects.audio            INFO     Deactivating AudioReactiveEffect.
2024-02-11 16:25:28,849 ledfx.effects                  INFO     Effect BPM Strobe deactivated.
2024-02-11 16:25:28,851 ledfx.effects.audio            INFO     Deactivating AudioReactiveEffect.
2024-02-11 16:25:28,851 ledfx.effects                  INFO     Effect BPM Strobe deactivated.
2024-02-11 16:25:28,853 ledfx.effects.audio            INFO     Deactivating AudioReactiveEffect.
2024-02-11 16:25:28,853 ledfx.effects                  INFO     Effect BPM Strobe deactivated.
2024-02-11 16:25:28,855 ledfx.effects.audio            INFO     Deactivating AudioReactiveEffect.
2024-02-11 16:25:28,855 ledfx.effects                  INFO     Effect Magnitude deactivated.
2024-02-11 16:25:28,857 ledfx.effects.audio            INFO     Deactivating AudioReactiveEffect.
2024-02-11 16:25:28,857 ledfx.effects                  INFO     Effect Energy 2 deactivated.
2024-02-11 16:25:28,858 ledfx.effects.audio            INFO     Deactivating AudioReactiveEffect.
2024-02-11 16:25:28,858 ledfx.effects                  INFO     Effect Blade Power+ deactivated.
2024-02-11 16:25:28,860 ledfx.effects.audio            INFO     Deactivating AudioReactiveEffect.
2024-02-11 16:25:28,861 ledfx.effects                  INFO     Effect BPM Strobe deactivated.
